2025-01-08 07:12:11,326 [DEBUG] correlation.py:82 : Parsing rule host_only_from_certificatetransparency...
2025-01-08 07:12:11,332 [DEBUG] correlation.py:82 : Parsing rule database_exposed...
2025-01-08 07:12:11,337 [DEBUG] correlation.py:82 : Parsing rule email_only_from_pasteleak_site...
2025-01-08 07:12:11,344 [DEBUG] correlation.py:82 : Parsing rule human_name_in_whois...
2025-01-08 07:12:11,345 [DEBUG] correlation.py:82 : Parsing rule stale_host...
2025-01-08 07:12:11,360 [DEBUG] correlation.py:82 : Parsing rule multiple_malicious_cohost...
2025-01-08 07:12:11,364 [DEBUG] correlation.py:82 : Parsing rule internal_host...
2025-01-08 07:12:11,367 [DEBUG] correlation.py:82 : Parsing rule outlier_ipaddress...
2025-01-08 07:12:11,370 [DEBUG] correlation.py:82 : Parsing rule email_in_multiple_breaches...
2025-01-08 07:12:11,377 [DEBUG] correlation.py:82 : Parsing rule multiple_malicious...
2025-01-08 07:12:11,388 [DEBUG] correlation.py:82 : Parsing rule outlier_email...
2025-01-08 07:12:11,389 [DEBUG] correlation.py:82 : Parsing rule outlier_hostname...
2025-01-08 07:12:11,395 [DEBUG] correlation.py:82 : Parsing rule http_errors...
2025-01-08 07:12:11,399 [DEBUG] correlation.py:82 : Parsing rule vulnerability_high...
2025-01-08 07:12:11,400 [DEBUG] correlation.py:82 : Parsing rule outlier_cloud...
2025-01-08 07:12:11,403 [DEBUG] correlation.py:82 : Parsing rule outlier_country...
2025-01-08 07:12:11,406 [DEBUG] correlation.py:82 : Parsing rule egress_ip_from_wikipedia...
2025-01-08 07:12:11,410 [DEBUG] correlation.py:82 : Parsing rule outlier_registrar...
2025-01-08 07:12:11,413 [DEBUG] correlation.py:82 : Parsing rule root_path_needs_auth...
2025-01-08 07:12:11,415 [DEBUG] correlation.py:82 : Parsing rule dev_or_test_system...
2025-01-08 07:12:11,417 [DEBUG] correlation.py:82 : Parsing rule dns_zone_transfer_possible...
2025-01-08 07:12:11,419 [DEBUG] correlation.py:82 : Parsing rule email_in_whois...
2025-01-08 07:12:11,420 [DEBUG] correlation.py:82 : Parsing rule strong_affiliate_certs...
2025-01-08 07:12:11,422 [DEBUG] correlation.py:82 : Parsing rule data_from_base64...
2025-01-08 07:12:11,424 [DEBUG] correlation.py:82 : Parsing rule host_only_from_bruteforce...
2025-01-08 07:12:11,427 [DEBUG] correlation.py:82 : Parsing rule multiple_malicious_affiliate...
2025-01-08 07:12:11,429 [DEBUG] correlation.py:82 : Parsing rule cloud_bucket_open_related...
2025-01-08 07:12:11,430 [DEBUG] correlation.py:82 : Parsing rule open_port_version...
2025-01-08 07:12:11,434 [DEBUG] correlation.py:82 : Parsing rule strong_similardomain_crossref...
2025-01-08 07:12:11,439 [DEBUG] correlation.py:82 : Parsing rule outlier_webserver...
2025-01-08 07:12:11,440 [DEBUG] correlation.py:82 : Parsing rule vulnerability_critical...
2025-01-08 07:12:11,441 [DEBUG] correlation.py:82 : Parsing rule cert_expired...
2025-01-08 07:12:11,443 [DEBUG] correlation.py:82 : Parsing rule cloud_bucket_open...
2025-01-08 07:12:11,445 [DEBUG] correlation.py:82 : Parsing rule name_only_from_pasteleak_site...
2025-01-08 07:12:11,448 [DEBUG] correlation.py:82 : Parsing rule vulnerability_mediumlow...
2025-01-08 07:12:11,450 [DEBUG] correlation.py:82 : Parsing rule data_from_docmeta...
2025-01-08 07:12:11,452 [DEBUG] correlation.py:82 : Parsing rule remote_desktop_exposed...
2025-01-08 07:12:11,455 [INFO] sf.py:482 : Starting web server at 0.0.0.0:8080 ...
2025-01-08 07:12:11,455 [WARNING] sf.py:538 : 
********************************************************************
Warning: passwd file contains no passwords. Authentication disabled.
Please consider adding authentication to protect this instance!
Refer to https://www.spiderfoot.net/documentation/#security.
********************************************************************

2025-01-08 07:23:22,840 [DEBUG] correlation.py:82 : Parsing rule host_only_from_certificatetransparency...
2025-01-08 07:23:22,846 [DEBUG] correlation.py:82 : Parsing rule database_exposed...
2025-01-08 07:23:22,850 [DEBUG] correlation.py:82 : Parsing rule email_only_from_pasteleak_site...
2025-01-08 07:23:22,857 [DEBUG] correlation.py:82 : Parsing rule human_name_in_whois...
2025-01-08 07:23:22,864 [DEBUG] correlation.py:82 : Parsing rule stale_host...
2025-01-08 07:23:22,870 [DEBUG] correlation.py:82 : Parsing rule multiple_malicious_cohost...
2025-01-08 07:23:22,877 [DEBUG] correlation.py:82 : Parsing rule internal_host...
2025-01-08 07:23:22,881 [DEBUG] correlation.py:82 : Parsing rule outlier_ipaddress...
2025-01-08 07:23:22,887 [DEBUG] correlation.py:82 : Parsing rule email_in_multiple_breaches...
2025-01-08 07:23:22,891 [DEBUG] correlation.py:82 : Parsing rule multiple_malicious...
2025-01-08 07:23:22,895 [DEBUG] correlation.py:82 : Parsing rule outlier_email...
2025-01-08 07:23:22,898 [DEBUG] correlation.py:82 : Parsing rule outlier_hostname...
2025-01-08 07:23:22,899 [DEBUG] correlation.py:82 : Parsing rule http_errors...
2025-01-08 07:23:22,901 [DEBUG] correlation.py:82 : Parsing rule vulnerability_high...
2025-01-08 07:23:22,902 [DEBUG] correlation.py:82 : Parsing rule outlier_cloud...
2025-01-08 07:23:22,907 [DEBUG] correlation.py:82 : Parsing rule outlier_country...
2025-01-08 07:23:22,908 [DEBUG] correlation.py:82 : Parsing rule egress_ip_from_wikipedia...
2025-01-08 07:23:22,910 [DEBUG] correlation.py:82 : Parsing rule outlier_registrar...
2025-01-08 07:23:22,911 [DEBUG] correlation.py:82 : Parsing rule root_path_needs_auth...
2025-01-08 07:23:22,914 [DEBUG] correlation.py:82 : Parsing rule dev_or_test_system...
2025-01-08 07:23:22,916 [DEBUG] correlation.py:82 : Parsing rule dns_zone_transfer_possible...
2025-01-08 07:23:22,917 [DEBUG] correlation.py:82 : Parsing rule email_in_whois...
2025-01-08 07:23:22,918 [DEBUG] correlation.py:82 : Parsing rule strong_affiliate_certs...
2025-01-08 07:23:22,921 [DEBUG] correlation.py:82 : Parsing rule data_from_base64...
2025-01-08 07:23:22,922 [DEBUG] correlation.py:82 : Parsing rule host_only_from_bruteforce...
2025-01-08 07:23:22,924 [DEBUG] correlation.py:82 : Parsing rule multiple_malicious_affiliate...
2025-01-08 07:23:22,930 [DEBUG] correlation.py:82 : Parsing rule cloud_bucket_open_related...
2025-01-08 07:23:22,931 [DEBUG] correlation.py:82 : Parsing rule open_port_version...
2025-01-08 07:23:22,933 [DEBUG] correlation.py:82 : Parsing rule strong_similardomain_crossref...
2025-01-08 07:23:22,938 [DEBUG] correlation.py:82 : Parsing rule outlier_webserver...
2025-01-08 07:23:22,939 [DEBUG] correlation.py:82 : Parsing rule vulnerability_critical...
2025-01-08 07:23:22,940 [DEBUG] correlation.py:82 : Parsing rule cert_expired...
2025-01-08 07:23:22,941 [DEBUG] correlation.py:82 : Parsing rule cloud_bucket_open...
2025-01-08 07:23:22,945 [DEBUG] correlation.py:82 : Parsing rule name_only_from_pasteleak_site...
2025-01-08 07:23:22,948 [DEBUG] correlation.py:82 : Parsing rule vulnerability_mediumlow...
2025-01-08 07:23:22,949 [DEBUG] correlation.py:82 : Parsing rule data_from_docmeta...
2025-01-08 07:23:22,953 [DEBUG] correlation.py:82 : Parsing rule remote_desktop_exposed...
2025-01-08 07:23:22,957 [INFO] sf.py:482 : Starting web server at 0.0.0.0:8080 ...
2025-01-08 07:23:22,957 [WARNING] sf.py:538 : 
********************************************************************
Warning: passwd file contains no passwords. Authentication disabled.
Please consider adding authentication to protect this instance!
Refer to https://www.spiderfoot.net/documentation/#security.
********************************************************************

2025-01-08 21:12:34,674 [DEBUG] correlation.py:82 : Parsing rule host_only_from_certificatetransparency...
2025-01-08 21:12:34,678 [DEBUG] correlation.py:82 : Parsing rule database_exposed...
2025-01-08 21:12:34,681 [DEBUG] correlation.py:82 : Parsing rule email_only_from_pasteleak_site...
2025-01-08 21:12:34,684 [DEBUG] correlation.py:82 : Parsing rule human_name_in_whois...
2025-01-08 21:12:34,686 [DEBUG] correlation.py:82 : Parsing rule stale_host...
2025-01-08 21:12:34,690 [DEBUG] correlation.py:82 : Parsing rule multiple_malicious_cohost...
2025-01-08 21:12:34,691 [DEBUG] correlation.py:82 : Parsing rule internal_host...
2025-01-08 21:12:34,694 [DEBUG] correlation.py:82 : Parsing rule outlier_ipaddress...
2025-01-08 21:12:34,695 [DEBUG] correlation.py:82 : Parsing rule email_in_multiple_breaches...
2025-01-08 21:12:34,697 [DEBUG] correlation.py:82 : Parsing rule multiple_malicious...
2025-01-08 21:12:34,699 [DEBUG] correlation.py:82 : Parsing rule outlier_email...
2025-01-08 21:12:34,701 [DEBUG] correlation.py:82 : Parsing rule outlier_hostname...
2025-01-08 21:12:34,702 [DEBUG] correlation.py:82 : Parsing rule http_errors...
2025-01-08 21:12:34,705 [DEBUG] correlation.py:82 : Parsing rule vulnerability_high...
2025-01-08 21:12:34,705 [DEBUG] correlation.py:82 : Parsing rule outlier_cloud...
2025-01-08 21:12:34,707 [DEBUG] correlation.py:82 : Parsing rule outlier_country...
2025-01-08 21:12:34,708 [DEBUG] correlation.py:82 : Parsing rule egress_ip_from_wikipedia...
2025-01-08 21:12:34,711 [DEBUG] correlation.py:82 : Parsing rule outlier_registrar...
2025-01-08 21:12:34,712 [DEBUG] correlation.py:82 : Parsing rule root_path_needs_auth...
2025-01-08 21:12:34,714 [DEBUG] correlation.py:82 : Parsing rule dev_or_test_system...
2025-01-08 21:12:34,715 [DEBUG] correlation.py:82 : Parsing rule dns_zone_transfer_possible...
2025-01-08 21:12:34,717 [DEBUG] correlation.py:82 : Parsing rule email_in_whois...
2025-01-08 21:12:34,718 [DEBUG] correlation.py:82 : Parsing rule strong_affiliate_certs...
2025-01-08 21:12:34,720 [DEBUG] correlation.py:82 : Parsing rule data_from_base64...
2025-01-08 21:12:34,722 [DEBUG] correlation.py:82 : Parsing rule host_only_from_bruteforce...
2025-01-08 21:12:34,725 [DEBUG] correlation.py:82 : Parsing rule multiple_malicious_affiliate...
2025-01-08 21:12:34,726 [DEBUG] correlation.py:82 : Parsing rule cloud_bucket_open_related...
2025-01-08 21:12:34,729 [DEBUG] correlation.py:82 : Parsing rule open_port_version...
2025-01-08 21:12:34,731 [DEBUG] correlation.py:82 : Parsing rule strong_similardomain_crossref...
2025-01-08 21:12:34,732 [DEBUG] correlation.py:82 : Parsing rule outlier_webserver...
2025-01-08 21:12:34,734 [DEBUG] correlation.py:82 : Parsing rule vulnerability_critical...
2025-01-08 21:12:34,735 [DEBUG] correlation.py:82 : Parsing rule cert_expired...
2025-01-08 21:12:34,737 [DEBUG] correlation.py:82 : Parsing rule cloud_bucket_open...
2025-01-08 21:12:34,739 [DEBUG] correlation.py:82 : Parsing rule name_only_from_pasteleak_site...
2025-01-08 21:12:34,741 [DEBUG] correlation.py:82 : Parsing rule vulnerability_mediumlow...
2025-01-08 21:12:34,742 [DEBUG] correlation.py:82 : Parsing rule data_from_docmeta...
2025-01-08 21:12:34,745 [DEBUG] correlation.py:82 : Parsing rule remote_desktop_exposed...
2025-01-08 21:12:34,747 [INFO] sf.py:482 : Starting web server at 0.0.0.0:8080 ...
2025-01-08 21:12:34,747 [WARNING] sf.py:538 : 
********************************************************************
Warning: passwd file contains no passwords. Authentication disabled.
Please consider adding authentication to protect this instance!
Refer to https://www.spiderfoot.net/documentation/#security.
********************************************************************

2025-01-09 17:21:21,754 [DEBUG] correlation.py:82 : Parsing rule host_only_from_certificatetransparency...
2025-01-09 17:21:21,758 [DEBUG] correlation.py:82 : Parsing rule database_exposed...
2025-01-09 17:21:21,760 [DEBUG] correlation.py:82 : Parsing rule email_only_from_pasteleak_site...
2025-01-09 17:21:21,763 [DEBUG] correlation.py:82 : Parsing rule human_name_in_whois...
2025-01-09 17:21:21,764 [DEBUG] correlation.py:82 : Parsing rule stale_host...
2025-01-09 17:21:21,767 [DEBUG] correlation.py:82 : Parsing rule multiple_malicious_cohost...
2025-01-09 17:21:21,770 [DEBUG] correlation.py:82 : Parsing rule internal_host...
2025-01-09 17:21:21,771 [DEBUG] correlation.py:82 : Parsing rule outlier_ipaddress...
2025-01-09 17:21:21,773 [DEBUG] correlation.py:82 : Parsing rule email_in_multiple_breaches...
2025-01-09 17:21:21,774 [DEBUG] correlation.py:82 : Parsing rule multiple_malicious...
2025-01-09 17:21:21,778 [DEBUG] correlation.py:82 : Parsing rule outlier_email...
2025-01-09 17:21:21,779 [DEBUG] correlation.py:82 : Parsing rule outlier_hostname...
2025-01-09 17:21:21,780 [DEBUG] correlation.py:82 : Parsing rule http_errors...
2025-01-09 17:21:21,782 [DEBUG] correlation.py:82 : Parsing rule vulnerability_high...
2025-01-09 17:21:21,784 [DEBUG] correlation.py:82 : Parsing rule outlier_cloud...
2025-01-09 17:21:21,785 [DEBUG] correlation.py:82 : Parsing rule outlier_country...
2025-01-09 17:21:21,787 [DEBUG] correlation.py:82 : Parsing rule egress_ip_from_wikipedia...
2025-01-09 17:21:21,788 [DEBUG] correlation.py:82 : Parsing rule outlier_registrar...
2025-01-09 17:21:21,789 [DEBUG] correlation.py:82 : Parsing rule root_path_needs_auth...
2025-01-09 17:21:21,792 [DEBUG] correlation.py:82 : Parsing rule dev_or_test_system...
2025-01-09 17:21:21,793 [DEBUG] correlation.py:82 : Parsing rule dns_zone_transfer_possible...
2025-01-09 17:21:21,794 [DEBUG] correlation.py:82 : Parsing rule email_in_whois...
2025-01-09 17:21:21,795 [DEBUG] correlation.py:82 : Parsing rule strong_affiliate_certs...
2025-01-09 17:21:21,798 [DEBUG] correlation.py:82 : Parsing rule data_from_base64...
2025-01-09 17:21:21,799 [DEBUG] correlation.py:82 : Parsing rule host_only_from_bruteforce...
2025-01-09 17:21:21,801 [DEBUG] correlation.py:82 : Parsing rule multiple_malicious_affiliate...
2025-01-09 17:21:21,803 [DEBUG] correlation.py:82 : Parsing rule cloud_bucket_open_related...
2025-01-09 17:21:21,805 [DEBUG] correlation.py:82 : Parsing rule open_port_version...
2025-01-09 17:21:21,807 [DEBUG] correlation.py:82 : Parsing rule strong_similardomain_crossref...
2025-01-09 17:21:21,809 [DEBUG] correlation.py:82 : Parsing rule outlier_webserver...
2025-01-09 17:21:21,810 [DEBUG] correlation.py:82 : Parsing rule vulnerability_critical...
2025-01-09 17:21:21,811 [DEBUG] correlation.py:82 : Parsing rule cert_expired...
2025-01-09 17:21:21,813 [DEBUG] correlation.py:82 : Parsing rule cloud_bucket_open...
2025-01-09 17:21:21,815 [DEBUG] correlation.py:82 : Parsing rule name_only_from_pasteleak_site...
2025-01-09 17:21:21,817 [DEBUG] correlation.py:82 : Parsing rule vulnerability_mediumlow...
2025-01-09 17:21:21,819 [DEBUG] correlation.py:82 : Parsing rule data_from_docmeta...
2025-01-09 17:21:21,821 [DEBUG] correlation.py:82 : Parsing rule remote_desktop_exposed...
2025-01-09 17:21:21,823 [INFO] sf.py:482 : Starting web server at 0.0.0.0:8080 ...
2025-01-09 17:21:21,823 [WARNING] sf.py:538 : 
********************************************************************
Warning: passwd file contains no passwords. Authentication disabled.
Please consider adding authentication to protect this instance!
Refer to https://www.spiderfoot.net/documentation/#security.
********************************************************************

