[09012025 17:21:15] dionaea /root/dionaea/src/dionaea.c:756-warning: Setgroups dropping groups failed
[09012025 17:21:15] sip /dionaea/sip/__init__.py:78-warning: Starting cleanup loop
[09012025 17:22:15] sip /dionaea/sip/__init__.py:45-warning: Cleanup
[09012025 17:23:15] sip /dionaea/sip/__init__.py:45-warning: Cleanup
[09012025 17:24:15] sip /dionaea/sip/__init__.py:45-warning: Cleanup
[09012025 17:25:15] sip /dionaea/sip/__init__.py:45-warning: Cleanup
[09012025 17:26:15] sip /dionaea/sip/__init__.py:45-warning: Cleanup
[09012025 17:27:15] sip /dionaea/sip/__init__.py:45-warning: Cleanup
[09012025 17:28:15] sip /dionaea/sip/__init__.py:45-warning: Cleanup
[09012025 17:29:15] sip /dionaea/sip/__init__.py:45-warning: Cleanup
[09012025 17:30:15] sip /dionaea/sip/__init__.py:45-warning: Cleanup
[09012025 17:31:15] sip /dionaea/sip/__init__.py:45-warning: Cleanup
[09012025 17:32:15] sip /dionaea/sip/__init__.py:45-warning: Cleanup
[09012025 17:33:15] sip /dionaea/sip/__init__.py:45-warning: Cleanup
[09012025 17:34:15] sip /dionaea/sip/__init__.py:45-warning: Cleanup
[09012025 17:35:15] sip /dionaea/sip/__init__.py:45-warning: Cleanup
[09012025 17:36:15] sip /dionaea/sip/__init__.py:45-warning: Cleanup
[09012025 17:37:15] sip /dionaea/sip/__init__.py:45-warning: Cleanup
[09012025 17:38:15] sip /dionaea/sip/__init__.py:45-warning: Cleanup
[09012025 17:39:15] sip /dionaea/sip/__init__.py:45-warning: Cleanup
[09012025 17:40:15] sip /dionaea/sip/__init__.py:45-warning: Cleanup
[09012025 17:41:15] sip /dionaea/sip/__init__.py:45-warning: Cleanup
[09012025 17:42:15] sip /dionaea/sip/__init__.py:45-warning: Cleanup
[09012025 17:43:15] sip /dionaea/sip/__init__.py:45-warning: Cleanup
[09012025 17:44:15] sip /dionaea/sip/__init__.py:45-warning: Cleanup
[09012025 17:45:15] sip /dionaea/sip/__init__.py:45-warning: Cleanup
[09012025 17:46:15] sip /dionaea/sip/__init__.py:45-warning: Cleanup
[09012025 17:47:15] sip /dionaea/sip/__init__.py:45-warning: Cleanup
[09012025 17:48:15] sip /dionaea/sip/__init__.py:45-warning: Cleanup
[09012025 17:49:15] sip /dionaea/sip/__init__.py:45-warning: Cleanup
[09012025 17:50:15] sip /dionaea/sip/__init__.py:45-warning: Cleanup
[09012025 17:51:15] sip /dionaea/sip/__init__.py:45-warning: Cleanup
[09012025 17:52:15] sip /dionaea/sip/__init__.py:45-warning: Cleanup
[09012025 17:53:15] sip /dionaea/sip/__init__.py:45-warning: Cleanup
[09012025 17:54:15] sip /dionaea/sip/__init__.py:45-warning: Cleanup
[09012025 17:55:15] sip /dionaea/sip/__init__.py:45-warning: Cleanup
[09012025 17:56:15] sip /dionaea/sip/__init__.py:45-warning: Cleanup
[09012025 17:57:15] sip /dionaea/sip/__init__.py:45-warning: Cleanup
[09012025 17:58:15] sip /dionaea/sip/__init__.py:45-warning: Cleanup
[09012025 17:59:15] sip /dionaea/sip/__init__.py:45-warning: Cleanup
[09012025 18:00:15] sip /dionaea/sip/__init__.py:45-warning: Cleanup
[09012025 18:01:15] sip /dionaea/sip/__init__.py:45-warning: Cleanup
[09012025 18:02:15] sip /dionaea/sip/__init__.py:45-warning: Cleanup
[09012025 18:02:29] connection /root/dionaea/src/connection_tcp.c:271-warning: recv failed size -1 recv_size 1 (Connection reset by peer)
[09012025 18:02:32] connection /root/dionaea/src/connection_tcp.c:271-warning: recv failed size -1 recv_size 1 (Connection reset by peer)
[09012025 18:03:15] sip /dionaea/sip/__init__.py:45-warning: Cleanup
[09012025 18:04:15] sip /dionaea/sip/__init__.py:45-warning: Cleanup
[09012025 18:05:15] sip /dionaea/sip/__init__.py:45-warning: Cleanup
[09012025 18:06:15] sip /dionaea/sip/__init__.py:45-warning: Cleanup
[09012025 18:07:15] sip /dionaea/sip/__init__.py:45-warning: Cleanup
[09012025 18:08:15] sip /dionaea/sip/__init__.py:45-warning: Cleanup
[09012025 18:09:15] sip /dionaea/sip/__init__.py:45-warning: Cleanup
[09012025 18:10:15] sip /dionaea/sip/__init__.py:45-warning: Cleanup
[09012025 18:10:46] mysqld /dionaea/mysql/mysql.py:83-warning: DATABASE opening information_schema
[09012025 18:10:46] mysqld /dionaea/mysql/mysql.py:86-warning: open db information_schema -> :memory:
[09012025 18:11:15] sip /dionaea/sip/__init__.py:45-warning: Cleanup
[09012025 18:12:15] sip /dionaea/sip/__init__.py:45-warning: Cleanup
[09012025 18:13:15] sip /dionaea/sip/__init__.py:45-warning: Cleanup
[09012025 18:14:15] sip /dionaea/sip/__init__.py:45-warning: Cleanup
[09012025 18:15:15] sip /dionaea/sip/__init__.py:45-warning: Cleanup
[09012025 18:16:15] sip /dionaea/sip/__init__.py:45-warning: Cleanup
[09012025 18:17:15] sip /dionaea/sip/__init__.py:45-warning: Cleanup
[09012025 18:18:15] sip /dionaea/sip/__init__.py:45-warning: Cleanup
[09012025 18:19:15] sip /dionaea/sip/__init__.py:45-warning: Cleanup
[09012025 18:20:15] sip /dionaea/sip/__init__.py:45-warning: Cleanup
[09012025 18:21:15] sip /dionaea/sip/__init__.py:45-warning: Cleanup
[09012025 18:22:15] sip /dionaea/sip/__init__.py:45-warning: Cleanup
[09012025 18:23:15] sip /dionaea/sip/__init__.py:45-warning: Cleanup
[09012025 18:24:15] sip /dionaea/sip/__init__.py:45-warning: Cleanup
[09012025 18:25:15] sip /dionaea/sip/__init__.py:45-warning: Cleanup
[09012025 18:26:15] sip /dionaea/sip/__init__.py:45-warning: Cleanup
[09012025 18:27:15] sip /dionaea/sip/__init__.py:45-warning: Cleanup
[09012025 18:28:15] sip /dionaea/sip/__init__.py:45-warning: Cleanup
[09012025 18:29:15] sip /dionaea/sip/__init__.py:45-warning: Cleanup
[09012025 18:30:15] sip /dionaea/sip/__init__.py:45-warning: Cleanup
[09012025 18:31:15] sip /dionaea/sip/__init__.py:45-warning: Cleanup
[09012025 18:32:15] sip /dionaea/sip/__init__.py:45-warning: Cleanup
[09012025 18:33:15] sip /dionaea/sip/__init__.py:45-warning: Cleanup
[09012025 18:34:15] sip /dionaea/sip/__init__.py:45-warning: Cleanup
[09012025 18:35:15] sip /dionaea/sip/__init__.py:45-warning: Cleanup
[09012025 18:36:15] sip /dionaea/sip/__init__.py:45-warning: Cleanup
[09012025 18:37:15] sip /dionaea/sip/__init__.py:45-warning: Cleanup
[09012025 18:38:15] sip /dionaea/sip/__init__.py:45-warning: Cleanup
[09012025 18:39:15] sip /dionaea/sip/__init__.py:45-warning: Cleanup
[09012025 18:40:15] sip /dionaea/sip/__init__.py:45-warning: Cleanup
[09012025 18:41:15] sip /dionaea/sip/__init__.py:45-warning: Cleanup
[09012025 18:42:15] sip /dionaea/sip/__init__.py:45-warning: Cleanup
[09012025 18:43:15] sip /dionaea/sip/__init__.py:45-warning: Cleanup
[09012025 18:44:15] sip /dionaea/sip/__init__.py:45-warning: Cleanup
[09012025 18:45:15] sip /dionaea/sip/__init__.py:45-warning: Cleanup
[09012025 18:46:15] sip /dionaea/sip/__init__.py:45-warning: Cleanup
[09012025 18:47:15] sip /dionaea/sip/__init__.py:45-warning: Cleanup
[09012025 18:48:15] sip /dionaea/sip/__init__.py:45-warning: Cleanup
[09012025 18:49:15] sip /dionaea/sip/__init__.py:45-warning: Cleanup
[09012025 18:50:15] sip /dionaea/sip/__init__.py:45-warning: Cleanup
[09012025 18:51:15] sip /dionaea/sip/__init__.py:45-warning: Cleanup
[09012025 18:52:15] sip /dionaea/sip/__init__.py:45-warning: Cleanup
[09012025 18:53:15] sip /dionaea/sip/__init__.py:45-warning: Cleanup
[09012025 18:54:15] sip /dionaea/sip/__init__.py:45-warning: Cleanup
[09012025 18:55:15] sip /dionaea/sip/__init__.py:45-warning: Cleanup
[09012025 18:56:15] sip /dionaea/sip/__init__.py:45-warning: Cleanup
[09012025 18:57:15] sip /dionaea/sip/__init__.py:45-warning: Cleanup
[09012025 18:58:15] sip /dionaea/sip/__init__.py:45-warning: Cleanup
[09012025 18:59:15] sip /dionaea/sip/__init__.py:45-warning: Cleanup
[09012025 19:00:15] sip /dionaea/sip/__init__.py:45-warning: Cleanup
[09012025 19:01:15] sip /dionaea/sip/__init__.py:45-warning: Cleanup
[09012025 19:02:15] sip /dionaea/sip/__init__.py:45-warning: Cleanup
[09012025 19:02:48] connection /root/dionaea/src/connection.c:137-warning: getpeername failed (Transport endpoint is not connected)
[09012025 19:02:48] connection /root/dionaea/src/connection_tcp.c:97-warning: accepting connection failed, closing connection
[09012025 19:03:17] sip /dionaea/sip/__init__.py:45-warning: Cleanup
[09012025 19:04:15] sip /dionaea/sip/__init__.py:45-warning: Cleanup
[09012025 19:04:23] connection /root/dionaea/src/connection.c:137-warning: getpeername failed (Transport endpoint is not connected)
[09012025 19:04:23] connection /root/dionaea/src/connection_tcp.c:97-warning: accepting connection failed, closing connection
[09012025 19:05:15] sip /dionaea/sip/__init__.py:45-warning: Cleanup
[09012025 19:05:45] connection /root/dionaea/src/connection.c:137-warning: getpeername failed (Transport endpoint is not connected)
[09012025 19:05:45] connection /root/dionaea/src/connection_tcp.c:97-warning: accepting connection failed, closing connection
[09012025 19:06:15] sip /dionaea/sip/__init__.py:45-warning: Cleanup
[09012025 19:07:15] sip /dionaea/sip/__init__.py:45-warning: Cleanup
[09012025 19:08:09] mysqld /dionaea/mysql/mysql.py:83-warning: DATABASE opening information_schema
[09012025 19:08:09] mysqld /dionaea/mysql/mysql.py:86-warning: open db information_schema -> :memory:
[09012025 19:08:15] sip /dionaea/sip/__init__.py:45-warning: Cleanup
[09012025 19:09:15] sip /dionaea/sip/__init__.py:45-warning: Cleanup
[09012025 19:10:15] sip /dionaea/sip/__init__.py:45-warning: Cleanup
[09012025 19:11:15] sip /dionaea/sip/__init__.py:45-warning: Cleanup
[09012025 19:12:15] sip /dionaea/sip/__init__.py:45-warning: Cleanup
[09012025 19:13:15] sip /dionaea/sip/__init__.py:45-warning: Cleanup
[09012025 19:14:15] sip /dionaea/sip/__init__.py:45-warning: Cleanup
[09012025 19:15:15] sip /dionaea/sip/__init__.py:45-warning: Cleanup
[09012025 19:16:15] sip /dionaea/sip/__init__.py:45-warning: Cleanup
[09012025 19:17:15] sip /dionaea/sip/__init__.py:45-warning: Cleanup
[09012025 19:17:56] mysqld /dionaea/mysql/mysql.py:83-warning: DATABASE opening information_schema
[09012025 19:17:56] mysqld /dionaea/mysql/mysql.py:86-warning: open db information_schema -> :memory:
[09012025 19:18:15] sip /dionaea/sip/__init__.py:45-warning: Cleanup
[09012025 19:19:15] sip /dionaea/sip/__init__.py:45-warning: Cleanup
[09012025 19:20:15] sip /dionaea/sip/__init__.py:45-warning: Cleanup
[09012025 19:21:15] sip /dionaea/sip/__init__.py:45-warning: Cleanup
[09012025 19:22:15] sip /dionaea/sip/__init__.py:45-warning: Cleanup
[09012025 19:23:15] sip /dionaea/sip/__init__.py:45-warning: Cleanup
[09012025 19:24:15] sip /dionaea/sip/__init__.py:45-warning: Cleanup
[09012025 19:25:15] sip /dionaea/sip/__init__.py:45-warning: Cleanup
[09012025 19:26:15] sip /dionaea/sip/__init__.py:45-warning: Cleanup
[09012025 19:27:15] sip /dionaea/sip/__init__.py:45-warning: Cleanup
[09012025 19:28:15] sip /dionaea/sip/__init__.py:45-warning: Cleanup
[09012025 19:29:15] sip /dionaea/sip/__init__.py:45-warning: Cleanup
[09012025 19:30:15] sip /dionaea/sip/__init__.py:45-warning: Cleanup
[09012025 19:31:15] sip /dionaea/sip/__init__.py:45-warning: Cleanup
[09012025 19:32:15] sip /dionaea/sip/__init__.py:45-warning: Cleanup
[09012025 19:33:15] sip /dionaea/sip/__init__.py:45-warning: Cleanup
[09012025 19:34:15] sip /dionaea/sip/__init__.py:45-warning: Cleanup
[09012025 19:35:15] sip /dionaea/sip/__init__.py:45-warning: Cleanup
[09012025 19:36:15] sip /dionaea/sip/__init__.py:45-warning: Cleanup
[09012025 19:37:15] sip /dionaea/sip/__init__.py:45-warning: Cleanup
[09012025 19:37:23] mysqld /dionaea/mysql/mysql.py:83-warning: DATABASE opening information_schema
[09012025 19:37:23] mysqld /dionaea/mysql/mysql.py:86-warning: open db information_schema -> :memory:
[09012025 19:38:15] sip /dionaea/sip/__init__.py:45-warning: Cleanup
[09012025 19:39:15] sip /dionaea/sip/__init__.py:45-warning: Cleanup
[09012025 19:40:15] sip /dionaea/sip/__init__.py:45-warning: Cleanup
[09012025 19:41:15] sip /dionaea/sip/__init__.py:45-warning: Cleanup
[09012025 19:42:15] sip /dionaea/sip/__init__.py:45-warning: Cleanup
[09012025 19:43:15] sip /dionaea/sip/__init__.py:45-warning: Cleanup
[09012025 19:44:15] sip /dionaea/sip/__init__.py:45-warning: Cleanup
[09012025 19:45:15] sip /dionaea/sip/__init__.py:45-warning: Cleanup
[09012025 19:46:15] sip /dionaea/sip/__init__.py:45-warning: Cleanup
[09012025 19:47:15] sip /dionaea/sip/__init__.py:45-warning: Cleanup
[09012025 19:48:15] sip /dionaea/sip/__init__.py:45-warning: Cleanup
[09012025 19:49:15] sip /dionaea/sip/__init__.py:45-warning: Cleanup
[09012025 19:50:15] sip /dionaea/sip/__init__.py:45-warning: Cleanup
[09012025 19:51:15] sip /dionaea/sip/__init__.py:45-warning: Cleanup
[09012025 19:52:15] sip /dionaea/sip/__init__.py:45-warning: Cleanup
[09012025 19:53:15] sip /dionaea/sip/__init__.py:45-warning: Cleanup
[09012025 19:54:15] sip /dionaea/sip/__init__.py:45-warning: Cleanup
[09012025 19:55:15] sip /dionaea/sip/__init__.py:45-warning: Cleanup
[09012025 19:56:15] sip /dionaea/sip/__init__.py:45-warning: Cleanup
[09012025 19:57:15] sip /dionaea/sip/__init__.py:45-warning: Cleanup
[09012025 19:58:15] sip /dionaea/sip/__init__.py:45-warning: Cleanup
[09012025 19:59:15] sip /dionaea/sip/__init__.py:45-warning: Cleanup
[09012025 20:00:15] sip /dionaea/sip/__init__.py:45-warning: Cleanup
[09012025 20:01:15] sip /dionaea/sip/__init__.py:45-warning: Cleanup
[09012025 20:02:15] sip /dionaea/sip/__init__.py:45-warning: Cleanup
[09012025 20:03:15] sip /dionaea/sip/__init__.py:45-warning: Cleanup
[09012025 20:04:15] sip /dionaea/sip/__init__.py:45-warning: Cleanup
[09012025 20:05:15] sip /dionaea/sip/__init__.py:45-warning: Cleanup
[09012025 20:06:15] sip /dionaea/sip/__init__.py:45-warning: Cleanup
[09012025 20:07:15] sip /dionaea/sip/__init__.py:45-warning: Cleanup
[09012025 20:08:15] sip /dionaea/sip/__init__.py:45-warning: Cleanup
[09012025 20:09:15] sip /dionaea/sip/__init__.py:45-warning: Cleanup
[09012025 20:10:15] sip /dionaea/sip/__init__.py:45-warning: Cleanup
[09012025 20:11:15] sip /dionaea/sip/__init__.py:45-warning: Cleanup
[09012025 20:12:15] sip /dionaea/sip/__init__.py:45-warning: Cleanup
[09012025 20:13:15] sip /dionaea/sip/__init__.py:45-warning: Cleanup
[09012025 20:14:15] sip /dionaea/sip/__init__.py:45-warning: Cleanup
[09012025 20:15:15] sip /dionaea/sip/__init__.py:45-warning: Cleanup
[09012025 20:16:15] sip /dionaea/sip/__init__.py:45-warning: Cleanup
[09012025 20:17:15] sip /dionaea/sip/__init__.py:45-warning: Cleanup
[09012025 20:18:15] sip /dionaea/sip/__init__.py:45-warning: Cleanup
[09012025 20:19:15] sip /dionaea/sip/__init__.py:45-warning: Cleanup
[09012025 20:20:15] sip /dionaea/sip/__init__.py:45-warning: Cleanup
[09012025 20:21:15] sip /dionaea/sip/__init__.py:45-warning: Cleanup
[09012025 20:22:15] sip /dionaea/sip/__init__.py:45-warning: Cleanup
[09012025 20:22:32] connection /root/dionaea/src/connection_tcp.c:271-warning: recv failed size -1 recv_size 1 (Connection reset by peer)
[09012025 20:23:15] sip /dionaea/sip/__init__.py:45-warning: Cleanup
[09012025 20:24:15] sip /dionaea/sip/__init__.py:45-warning: Cleanup
[09012025 20:25:15] sip /dionaea/sip/__init__.py:45-warning: Cleanup
[09012025 20:26:15] sip /dionaea/sip/__init__.py:45-warning: Cleanup
[09012025 20:27:15] sip /dionaea/sip/__init__.py:45-warning: Cleanup
[09012025 20:28:15] sip /dionaea/sip/__init__.py:45-warning: Cleanup
[09012025 20:29:15] sip /dionaea/sip/__init__.py:45-warning: Cleanup
[09012025 20:30:15] sip /dionaea/sip/__init__.py:45-warning: Cleanup
[09012025 20:31:15] sip /dionaea/sip/__init__.py:45-warning: Cleanup
[09012025 20:32:15] sip /dionaea/sip/__init__.py:45-warning: Cleanup
[09012025 20:33:15] sip /dionaea/sip/__init__.py:45-warning: Cleanup
[09012025 20:34:15] sip /dionaea/sip/__init__.py:45-warning: Cleanup
[09012025 20:35:15] sip /dionaea/sip/__init__.py:45-warning: Cleanup
[09012025 20:36:15] sip /dionaea/sip/__init__.py:45-warning: Cleanup
[09012025 20:37:15] sip /dionaea/sip/__init__.py:45-warning: Cleanup
[09012025 20:38:15] sip /dionaea/sip/__init__.py:45-warning: Cleanup
[09012025 20:39:15] sip /dionaea/sip/__init__.py:45-warning: Cleanup
[09012025 20:40:15] sip /dionaea/sip/__init__.py:45-warning: Cleanup
[09012025 20:41:15] sip /dionaea/sip/__init__.py:45-warning: Cleanup
[09012025 20:42:15] sip /dionaea/sip/__init__.py:45-warning: Cleanup
[09012025 20:43:15] sip /dionaea/sip/__init__.py:45-warning: Cleanup
[09012025 20:43:45] SMB /dionaea/smb/smb.py:127-warning: p.haslayer(Raw): b'PATH_REPLACE__?????\x00'
[09012025 20:43:45] SMB /dionaea/smb/smb.py:157-warning: p.haslayer(Raw): b'PATH_REPLACE__?????\x00'
[09012025 20:44:15] sip /dionaea/sip/__init__.py:45-warning: Cleanup
[09012025 20:45:15] sip /dionaea/sip/__init__.py:45-warning: Cleanup
[09012025 20:46:17] sip /dionaea/sip/__init__.py:45-warning: Cleanup
[09012025 20:47:17] sip /dionaea/sip/__init__.py:45-warning: Cleanup
[09012025 20:48:17] sip /dionaea/sip/__init__.py:45-warning: Cleanup
[09012025 20:49:15] sip /dionaea/sip/__init__.py:45-warning: Cleanup
[09012025 20:50:15] sip /dionaea/sip/__init__.py:45-warning: Cleanup
[09012025 20:51:15] sip /dionaea/sip/__init__.py:45-warning: Cleanup
[09012025 20:52:15] sip /dionaea/sip/__init__.py:45-warning: Cleanup
[09012025 20:53:15] sip /dionaea/sip/__init__.py:45-warning: Cleanup
[09012025 20:54:15] sip /dionaea/sip/__init__.py:45-warning: Cleanup
[09012025 20:55:15] sip /dionaea/sip/__init__.py:45-warning: Cleanup
[09012025 20:56:15] sip /dionaea/sip/__init__.py:45-warning: Cleanup
[09012025 20:57:15] sip /dionaea/sip/__init__.py:45-warning: Cleanup
[09012025 20:58:15] sip /dionaea/sip/__init__.py:45-warning: Cleanup
[09012025 20:59:15] sip /dionaea/sip/__init__.py:45-warning: Cleanup
[09012025 21:00:15] sip /dionaea/sip/__init__.py:45-warning: Cleanup
[09012025 21:01:15] sip /dionaea/sip/__init__.py:45-warning: Cleanup
[09012025 21:02:15] sip /dionaea/sip/__init__.py:45-warning: Cleanup
[09012025 21:03:15] sip /dionaea/sip/__init__.py:45-warning: Cleanup
[09012025 21:04:15] sip /dionaea/sip/__init__.py:45-warning: Cleanup
[09012025 21:05:15] sip /dionaea/sip/__init__.py:45-warning: Cleanup
[09012025 21:06:15] sip /dionaea/sip/__init__.py:45-warning: Cleanup
[09012025 21:07:15] sip /dionaea/sip/__init__.py:45-warning: Cleanup
[09012025 21:08:15] sip /dionaea/sip/__init__.py:45-warning: Cleanup
[09012025 21:09:15] sip /dionaea/sip/__init__.py:45-warning: Cleanup
[09012025 21:10:15] sip /dionaea/sip/__init__.py:45-warning: Cleanup
[09012025 21:11:15] sip /dionaea/sip/__init__.py:45-warning: Cleanup
[09012025 21:12:15] sip /dionaea/sip/__init__.py:45-warning: Cleanup
[09012025 21:13:15] sip /dionaea/sip/__init__.py:45-warning: Cleanup
[09012025 21:14:15] sip /dionaea/sip/__init__.py:45-warning: Cleanup
[09012025 21:15:15] sip /dionaea/sip/__init__.py:45-warning: Cleanup
[09012025 21:16:15] sip /dionaea/sip/__init__.py:45-warning: Cleanup
[09012025 21:17:15] sip /dionaea/sip/__init__.py:45-warning: Cleanup
[09012025 21:18:15] sip /dionaea/sip/__init__.py:45-warning: Cleanup
[09012025 21:19:15] sip /dionaea/sip/__init__.py:45-warning: Cleanup
[09012025 21:20:15] sip /dionaea/sip/__init__.py:45-warning: Cleanup
[09012025 21:21:15] sip /dionaea/sip/__init__.py:45-warning: Cleanup
[09012025 21:22:15] sip /dionaea/sip/__init__.py:45-warning: Cleanup
[09012025 21:23:15] sip /dionaea/sip/__init__.py:45-warning: Cleanup
[09012025 21:24:15] sip /dionaea/sip/__init__.py:45-warning: Cleanup
[09012025 21:25:15] sip /dionaea/sip/__init__.py:45-warning: Cleanup
[09012025 21:26:15] sip /dionaea/sip/__init__.py:45-warning: Cleanup
[09012025 21:27:15] sip /dionaea/sip/__init__.py:45-warning: Cleanup
[09012025 21:28:15] sip /dionaea/sip/__init__.py:45-warning: Cleanup
[09012025 21:29:15] sip /dionaea/sip/__init__.py:45-warning: Cleanup
[09012025 21:30:15] sip /dionaea/sip/__init__.py:45-warning: Cleanup
[09012025 21:30:40] connection /root/dionaea/src/connection.c:137-warning: getpeername failed (Transport endpoint is not connected)
[09012025 21:30:40] connection /root/dionaea/src/connection_tcp.c:97-warning: accepting connection failed, closing connection
[09012025 21:31:15] sip /dionaea/sip/__init__.py:45-warning: Cleanup
[09012025 21:32:15] sip /dionaea/sip/__init__.py:45-warning: Cleanup
[09012025 21:33:17] sip /dionaea/sip/__init__.py:45-warning: Cleanup
[09012025 21:34:17] sip /dionaea/sip/__init__.py:45-warning: Cleanup
[09012025 21:35:17] sip /dionaea/sip/__init__.py:45-warning: Cleanup
[09012025 21:36:17] sip /dionaea/sip/__init__.py:45-warning: Cleanup
[09012025 21:37:17] sip /dionaea/sip/__init__.py:45-warning: Cleanup
[09012025 21:38:17] sip /dionaea/sip/__init__.py:45-warning: Cleanup
[09012025 21:39:17] sip /dionaea/sip/__init__.py:45-warning: Cleanup
[09012025 21:39:45] connection /root/dionaea/src/connection_tcp.c:271-warning: recv failed size -1 recv_size 1 (Connection reset by peer)
[09012025 21:40:17] sip /dionaea/sip/__init__.py:45-warning: Cleanup
[09012025 21:41:17] sip /dionaea/sip/__init__.py:45-warning: Cleanup
[09012025 21:42:17] sip /dionaea/sip/__init__.py:45-warning: Cleanup
[09012025 21:43:17] sip /dionaea/sip/__init__.py:45-warning: Cleanup
[09012025 21:44:17] sip /dionaea/sip/__init__.py:45-warning: Cleanup
[09012025 21:45:17] sip /dionaea/sip/__init__.py:45-warning: Cleanup
[09012025 21:46:17] sip /dionaea/sip/__init__.py:45-warning: Cleanup
[09012025 21:47:17] sip /dionaea/sip/__init__.py:45-warning: Cleanup
[09012025 21:48:17] sip /dionaea/sip/__init__.py:45-warning: Cleanup
[09012025 21:49:17] sip /dionaea/sip/__init__.py:45-warning: Cleanup
[09012025 21:50:17] sip /dionaea/sip/__init__.py:45-warning: Cleanup
[09012025 21:51:17] sip /dionaea/sip/__init__.py:45-warning: Cleanup
[09012025 21:52:17] sip /dionaea/sip/__init__.py:45-warning: Cleanup
[09012025 21:53:17] sip /dionaea/sip/__init__.py:45-warning: Cleanup
[09012025 21:54:17] sip /dionaea/sip/__init__.py:45-warning: Cleanup
[09012025 21:55:17] sip /dionaea/sip/__init__.py:45-warning: Cleanup
[09012025 21:56:17] sip /dionaea/sip/__init__.py:45-warning: Cleanup
[09012025 21:57:17] sip /dionaea/sip/__init__.py:45-warning: Cleanup
[09012025 21:58:17] sip /dionaea/sip/__init__.py:45-warning: Cleanup
[09012025 21:59:17] sip /dionaea/sip/__init__.py:45-warning: Cleanup
[09012025 22:00:17] sip /dionaea/sip/__init__.py:45-warning: Cleanup
[09012025 22:01:17] sip /dionaea/sip/__init__.py:45-warning: Cleanup
[09012025 22:02:17] sip /dionaea/sip/__init__.py:45-warning: Cleanup
[09012025 22:03:17] sip /dionaea/sip/__init__.py:45-warning: Cleanup
[09012025 22:04:17] sip /dionaea/sip/__init__.py:45-warning: Cleanup
[09012025 22:05:17] sip /dionaea/sip/__init__.py:45-warning: Cleanup
[09012025 22:06:17] sip /dionaea/sip/__init__.py:45-warning: Cleanup
[09012025 22:07:15] sip /dionaea/sip/__init__.py:45-warning: Cleanup
[09012025 22:08:15] sip /dionaea/sip/__init__.py:45-warning: Cleanup
[09012025 22:09:15] sip /dionaea/sip/__init__.py:45-warning: Cleanup
[09012025 22:10:15] sip /dionaea/sip/__init__.py:45-warning: Cleanup
[09012025 22:11:15] sip /dionaea/sip/__init__.py:45-warning: Cleanup
[09012025 22:12:15] sip /dionaea/sip/__init__.py:45-warning: Cleanup
[09012025 22:13:15] sip /dionaea/sip/__init__.py:45-warning: Cleanup
[09012025 22:14:15] sip /dionaea/sip/__init__.py:45-warning: Cleanup
[09012025 22:15:15] sip /dionaea/sip/__init__.py:45-warning: Cleanup
[09012025 22:16:15] sip /dionaea/sip/__init__.py:45-warning: Cleanup
[09012025 22:17:15] sip /dionaea/sip/__init__.py:45-warning: Cleanup
[09012025 22:18:15] sip /dionaea/sip/__init__.py:45-warning: Cleanup
[09012025 22:19:15] sip /dionaea/sip/__init__.py:45-warning: Cleanup
[09012025 22:20:15] sip /dionaea/sip/__init__.py:45-warning: Cleanup
[09012025 22:21:15] sip /dionaea/sip/__init__.py:45-warning: Cleanup
[09012025 22:22:15] sip /dionaea/sip/__init__.py:45-warning: Cleanup
[09012025 22:23:15] sip /dionaea/sip/__init__.py:45-warning: Cleanup
[09012025 22:24:15] sip /dionaea/sip/__init__.py:45-warning: Cleanup
[09012025 22:25:15] sip /dionaea/sip/__init__.py:45-warning: Cleanup
[09012025 22:26:15] sip /dionaea/sip/__init__.py:45-warning: Cleanup
[09012025 22:27:15] sip /dionaea/sip/__init__.py:45-warning: Cleanup
[09012025 22:28:15] sip /dionaea/sip/__init__.py:45-warning: Cleanup
[09012025 22:29:15] sip /dionaea/sip/__init__.py:45-warning: Cleanup
[09012025 22:30:15] sip /dionaea/sip/__init__.py:45-warning: Cleanup
[09012025 22:31:15] sip /dionaea/sip/__init__.py:45-warning: Cleanup
[09012025 22:32:15] sip /dionaea/sip/__init__.py:45-warning: Cleanup
[09012025 22:33:15] sip /dionaea/sip/__init__.py:45-warning: Cleanup
[09012025 22:34:15] sip /dionaea/sip/__init__.py:45-warning: Cleanup
[09012025 22:35:15] sip /dionaea/sip/__init__.py:45-warning: Cleanup
[09012025 22:36:15] sip /dionaea/sip/__init__.py:45-warning: Cleanup
[09012025 22:37:15] sip /dionaea/sip/__init__.py:45-warning: Clean