[1 - Suricata-Main] 2025-01-09 17:21:27 Notice: suricata: This is Suricata version 7.0.7 RELEASE running in SYSTEM mode
[1 - Suricata-Main] 2025-01-09 17:21:27 Info: cpu: CPUs/cores online: 4
[1 - Suricata-Main] 2025-01-09 17:21:27 Notice: runmodes: thread stack size of 131072 to too small: setting to 512k
[1 - Suricata-Main] 2025-01-09 17:21:27 Info: suricata: Setting engine mode to IDS mode by default
[1 - Suricata-Main] 2025-01-09 17:21:27 Info: exception-policy: master exception-policy set to: auto
[1 - Suricata-Main] 2025-01-09 17:21:27 Info: ioctl: enX0: MTU 9001
[1 - Suricata-Main] 2025-01-09 17:21:27 Info: privs: dropped the caps for main thread
[1 - Suricata-Main] 2025-01-09 17:21:27 Info: conf: Running in live mode, activating unix socket
[1 - Suricata-Main] 2025-01-09 17:21:27 Info: logopenfile: eve-log output device (regular) initialized: eve.json
[1 - Suricata-Main] 2025-01-09 17:21:27 Info: output-json-email-common: Going to log the md5 sum of email body
[1 - Suricata-Main] 2025-01-09 17:21:27 Info: output-json-email-common: Going to log the md5 sum of email subject
[1 - Suricata-Main] 2025-01-09 17:21:27 Info: output-json-dnp3: DNP3 log sub-module initialized.
[1 - Suricata-Main] 2025-01-09 17:21:27 Error: app-layer-htp: event "request_line_missing_protocol" not present in http's enum map table.
[1 - Suricata-Main] 2025-01-09 17:21:27 Warning: detect-app-layer-event: app-layer-event keyword's protocol "http" doesn't have event "request_line_missing_protocol" registered
[1 - Suricata-Main] 2025-01-09 17:21:45 Info: detect: 1 rule files processed. 55687 rules successfully loaded, 0 rules failed, 0
[1 - Suricata-Main] 2025-01-09 17:21:45 Info: threshold-config: Threshold config parsed: 0 rule(s) found
[1 - Suricata-Main] 2025-01-09 17:21:45 Info: detect: 55704 signatures processed. 1205 are IP-only rules, 6360 are inspecting packet payload, 47711 inspect application layer, 113 are decoder event only
[1 - Suricata-Main] 2025-01-09 17:22:18 Info: runmodes: enX0: creating 4 threads
[1 - Suricata-Main] 2025-01-09 17:22:18 Info: unix-manager: unix socket '/var/run/suricata/suricata-command.socket'
[20 - W#01-enX0] 2025-01-09 17:22:18 Info: af-packet: enX0: using BPF 'not (host sicherheitstacho.eu or community.sicherheitstacho.eu or listbot.sicherheitstacho.eu) and not (tcp port 64294 or tcp port 64305) and not (udp port 138 or udp port 5353) and not (ip broadcast or ip multicast or ip6 multicast) and not ip proto 2'
[21 - W#02-enX0] 2025-01-09 17:22:18 Info: af-packet: enX0: using BPF 'not (host sicherheitstacho.eu or community.sicherheitstacho.eu or listbot.sicherheitstacho.eu) and not (tcp port 64294 or tcp port 64305) and not (udp port 138 or udp port 5353) and not (ip broadcast or ip multicast or ip6 multicast) and not ip proto 2'
[22 - W#03-enX0] 2025-01-09 17:22:18 Info: af-packet: enX0: using BPF 'not (host sicherheitstacho.eu or community.sicherheitstacho.eu or listbot.sicherheitstacho.eu) and not (tcp port 64294 or tcp port 64305) and not (udp port 138 or udp port 5353) and not (ip broadcast or ip multicast or ip6 multicast) and not ip proto 2'
[23 - W#04-enX0] 2025-01-09 17:22:18 Info: af-packet: enX0: using BPF 'not (host sicherheitstacho.eu or community.sicherheitstacho.eu or listbot.sicherheitstacho.eu) and not (tcp port 64294 or tcp port 64305) and not (udp port 138 or udp port 5353) and not (ip broadcast or ip multicast or ip6 multicast) and not ip proto 2'
[1 - Suricata-Main] 2025-01-09 17:22:18 Notice: threads: Threads created -> W: 4 FM: 1 FR: 1   Engine started.
